{"/Users/philipp/projects/nextjs-eslint-jest-flow/src/modules/components/button/index.js": {"path":"/Users/philipp/projects/nextjs-eslint-jest-flow/src/modules/components/button/index.js","statementMap":{"0":{"start":{"line":9,"column":15},"end":{"line":9,"column":75}},"1":{"start":{"line":9,"column":38},"end":{"line":9,"column":75}},"2":{"start":{"line":11,"column":0},"end":{"line":11,"column":36}}},"fnMap":{"0":{"name":"(anonymous_0)","decl":{"start":{"line":9,"column":15},"end":{"line":9,"column":16}},"loc":{"start":{"line":9,"column":38},"end":{"line":9,"column":75}},"line":9}},"branchMap":{},"s":{"0":1,"1":3,"2":1},"f":{"0":3},"b":{},"_coverageSchema":"332fd63041d2c1bcb487cc26dd0d5f7d97098a6c","hash":"fd6669087de4e82393de75b51389e607d0921fc1"}
,"/Users/philipp/projects/nextjs-eslint-jest-flow/src/utils/shim.js": {"path":"/Users/philipp/projects/nextjs-eslint-jest-flow/src/utils/shim.js","statementMap":{"0":{"start":{"line":1,"column":0},"end":{"line":3,"column":2}},"1":{"start":{"line":2,"column":4},"end":{"line":2,"column":30}}},"fnMap":{"0":{"name":"(anonymous_0)","decl":{"start":{"line":1,"column":31},"end":{"line":1,"column":32}},"loc":{"start":{"line":1,"column":43},"end":{"line":3,"column":1}},"line":1}},"branchMap":{},"s":{"0":1,"1":0},"f":{"0":0},"b":{},"_coverageSchema":"332fd63041d2c1bcb487cc26dd0d5f7d97098a6c","hash":"f10271abcbeed1ac81edf8176a4298a674e8589b"}
}
