{"/Users/philipp/projects/nextjs-boiler/lib/jest.setup.js": {"path":"/Users/philipp/projects/nextjs-boiler/lib/jest.setup.js","statementMap":{"0":{"start":{"line":1,"column":16},"end":{"line":1,"column":52}},"1":{"start":{"line":2,"column":15},"end":{"line":2,"column":34}},"2":{"start":{"line":4,"column":0},"end":{"line":4,"column":48}}},"fnMap":{},"branchMap":{},"s":{"0":5,"1":5,"2":5},"f":{},"b":{},"_coverageSchema":"332fd63041d2c1bcb487cc26dd0d5f7d97098a6c","hash":"e2a7621002a24370b064a8cc6856c128a3dd12d5"}
,"/Users/philipp/projects/nextjs-boiler/lib/jest.shim.js": {"path":"/Users/philipp/projects/nextjs-boiler/lib/jest.shim.js","statementMap":{"0":{"start":{"line":1,"column":0},"end":{"line":3,"column":2}},"1":{"start":{"line":2,"column":4},"end":{"line":2,"column":30}}},"fnMap":{"0":{"name":"(anonymous_0)","decl":{"start":{"line":1,"column":31},"end":{"line":1,"column":32}},"loc":{"start":{"line":1,"column":43},"end":{"line":3,"column":1}},"line":1}},"branchMap":{},"s":{"0":5,"1":0},"f":{"0":0},"b":{},"_coverageSchema":"332fd63041d2c1bcb487cc26dd0d5f7d97098a6c","hash":"2bd57ecf276de3618d568ee09347c09157d177a2"}
,"/Users/philipp/projects/nextjs-boiler/src/modules/components/components/Button/index.js": {"path":"/Users/philipp/projects/nextjs-boiler/src/modules/components/components/Button/index.js","statementMap":{"0":{"start":{"line":9,"column":15},"end":{"line":9,"column":75}},"1":{"start":{"line":9,"column":38},"end":{"line":9,"column":75}},"2":{"start":{"line":11,"column":0},"end":{"line":11,"column":36}}},"fnMap":{"0":{"name":"(anonymous_0)","decl":{"start":{"line":9,"column":15},"end":{"line":9,"column":16}},"loc":{"start":{"line":9,"column":38},"end":{"line":9,"column":75}},"line":9}},"branchMap":{},"s":{"0":1,"1":4,"2":1},"f":{"0":4},"b":{},"_coverageSchema":"332fd63041d2c1bcb487cc26dd0d5f7d97098a6c","hash":"b135e3ea0a116c9c88b9b76a5a6e866ef1b108d0"}
,"/Users/philipp/projects/nextjs-boiler/src/modules/components/components/Loading/index.js": {"path":"/Users/philipp/projects/nextjs-boiler/src/modules/components/components/Loading/index.js","statementMap":{"0":{"start":{"line":7,"column":16},"end":{"line":7,"column":55}},"1":{"start":{"line":7,"column":22},"end":{"line":7,"column":55}}},"fnMap":{"0":{"name":"(anonymous_0)","decl":{"start":{"line":7,"column":16},"end":{"line":7,"column":17}},"loc":{"start":{"line":7,"column":22},"end":{"line":7,"column":55}},"line":7}},"branchMap":{},"s":{"0":1,"1":2},"f":{"0":2},"b":{},"_coverageSchema":"332fd63041d2c1bcb487cc26dd0d5f7d97098a6c","hash":"a8be74b0433f56b9c782dbeeec37a417fb5b8fb4"}
,"/Users/philipp/projects/nextjs-boiler/src/modules/layout/components/Head/index.js": {"path":"/Users/philipp/projects/nextjs-boiler/src/modules/layout/components/Head/index.js","statementMap":{"0":{"start":{"line":18,"column":0},"end":{"line":18,"column":47}},"1":{"start":{"line":19,"column":0},"end":{"line":19,"column":52}},"2":{"start":{"line":19,"column":34},"end":{"line":19,"column":51}},"3":{"start":{"line":20,"column":0},"end":{"line":20,"column":54}},"4":{"start":{"line":20,"column":37},"end":{"line":20,"column":53}},"5":{"start":{"line":21,"column":0},"end":{"line":21,"column":51}},"6":{"start":{"line":21,"column":34},"end":{"line":21,"column":50}},"7":{"start":{"line":23,"column":13},"end":{"line":50,"column":1}},"8":{"start":{"line":24,"column":4},"end":{"line":49,"column":15}},"9":{"start":{"line":52,"column":0},"end":{"line":56,"column":2}}},"fnMap":{"0":{"name":"(anonymous_0)","decl":{"start":{"line":19,"column":28},"end":{"line":19,"column":29}},"loc":{"start":{"line":19,"column":34},"end":{"line":19,"column":51}},"line":19},"1":{"name":"(anonymous_1)","decl":{"start":{"line":20,"column":31},"end":{"line":20,"column":32}},"loc":{"start":{"line":20,"column":37},"end":{"line":20,"column":53}},"line":20},"2":{"name":"(anonymous_2)","decl":{"start":{"line":21,"column":28},"end":{"line":21,"column":29}},"loc":{"start":{"line":21,"column":34},"end":{"line":21,"column":50}},"line":21},"3":{"name":"(anonymous_3)","decl":{"start":{"line":23,"column":13},"end":{"line":23,"column":14}},"loc":{"start":{"line":24,"column":4},"end":{"line":49,"column":15}},"line":24}},"branchMap":{"0":{"loc":{"start":{"line":27,"column":20},"end":{"line":27,"column":48}},"type":"binary-expr","locations":[{"start":{"line":27,"column":20},"end":{"line":27,"column":28}},{"start":{"line":27,"column":32},"end":{"line":27,"column":48}}],"line":27}},"s":{"0":1,"1":1,"2":0,"3":1,"4":0,"5":1,"6":0,"7":1,"8":5,"9":1},"f":{"0":0,"1":0,"2":0,"3":5},"b":{"0":[5,2]},"_coverageSchema":"332fd63041d2c1bcb487cc26dd0d5f7d97098a6c","hash":"51c0982c45db6b1fd21fd5f94fa71f101b2fbeb8"}
,"/Users/philipp/projects/nextjs-boiler/src/modules/layout/components/Intro/index.js": {"path":"/Users/philipp/projects/nextjs-boiler/src/modules/layout/components/Intro/index.js","statementMap":{"0":{"start":{"line":9,"column":14},"end":{"line":13,"column":1}},"1":{"start":{"line":10,"column":4},"end":{"line":12,"column":10}}},"fnMap":{"0":{"name":"(anonymous_0)","decl":{"start":{"line":9,"column":14},"end":{"line":9,"column":15}},"loc":{"start":{"line":10,"column":4},"end":{"line":12,"column":10}},"line":10}},"branchMap":{},"s":{"0":1,"1":2},"f":{"0":2},"b":{},"_coverageSchema":"332fd63041d2c1bcb487cc26dd0d5f7d97098a6c","hash":"b6ae1d721cf50d615255ff450a84272f1397318e"}
,"/Users/philipp/projects/nextjs-boiler/src/modules/layout/components/Main/index.js": {"path":"/Users/philipp/projects/nextjs-boiler/src/modules/layout/components/Main/index.js","statementMap":{"0":{"start":{"line":14,"column":13},"end":{"line":29,"column":1}},"1":{"start":{"line":15,"column":27},"end":{"line":18,"column":7}},"2":{"start":{"line":20,"column":4},"end":{"line":28,"column":6}},"3":{"start":{"line":31,"column":0},"end":{"line":34,"column":2}}},"fnMap":{"0":{"name":"(anonymous_0)","decl":{"start":{"line":14,"column":13},"end":{"line":14,"column":14}},"loc":{"start":{"line":14,"column":60},"end":{"line":29,"column":1}},"line":14}},"branchMap":{},"s":{"0":1,"1":4,"2":4,"3":1},"f":{"0":4},"b":{},"_coverageSchema":"332fd63041d2c1bcb487cc26dd0d5f7d97098a6c","hash":"a35c9a356db75481400f49231bb2b9649961c923"}
}
